#
# A fatal error has been detected by the Java Runtime Environment:
#
#  SIGSEGV (0xb) at pc=0x000000010b650854, pid=71572, tid=0x000000000000a903
#
# JRE version: OpenJDK Runtime Environment (8.0_212-b03) (build 1.8.0_212-20190420112649.buildslave.jdk8u-src-tar--b03)
# Java VM: OpenJDK GraalVM CE 19.0.0 (25.212-b03-jvmci-19-b01 mixed mode bsd-amd64 compressed oops)
# Problematic frame:
# j  com.oracle.truffle.nfi.impl.NFIContext.executeObject(JJJ[BI[I[Ljava/lang/Object;)Lcom/oracle/truffle/api/interop/TruffleObject;+0
#
# Failed to write core dump. Core dumps have been disabled. To enable core dumping, try "ulimit -c unlimited" before starting Java again
#
# If you would like to submit a bug report, please visit:
#   http://bugreport.java.com/bugreport/crash.jsp
#

---------------  T H R E A D  ---------------

Current thread (0x00007fb151221000):  JavaThread "ForkJoinPool.commonPool-worker-1" daemon [_thread_in_Java, id=43267, stack(0x000070000769c000,0x000070000779c000)]

siginfo: si_signo: 11 (SIGSEGV), si_code: 1 (SEGV_MAPERR), si_addr: 0x00007fb180f557d8

Registers:
RAX=0x00007fb180f557d8, RBX=0x0000000131c703c0, RCX=0x00666ae437f30040, RDX=0x0000000000000004
RSP=0x0000700007793ea0, RBP=0x0000700007793f40, RSI=0x0000000000000004, RDI=0x00007fb151221000
R8 =0x0000000000000000, R9 =0x00007fb14f18ebd0, R10=0x0000000000000000, R11=0x000000010b649bfb
R12=0x0000000000000000, R13=0x0000000131c70398, R14=0x0000700007793fa8, R15=0x00007fb151221000
RIP=0x000000010b650854, EFLAGS=0x0000000000010206, ERR=0x0000000000000004
  TRAPNO=0x000000000000000e

Top of Stack: (sp=0x0000700007793ea0)
0x0000700007793ea0:   0000000000000000 000000010b650787
0x0000700007793eb0:   00007fb100000002 0000700007793f68
0x0000700007793ec0:   0000700007793f60 0000000000000002
0x0000700007793ed0:   00000007c0001610 00000007c0001438
0x0000700007793ee0:   0000700007794330 00007fb151221000
0x0000700007793ef0:   000000011ae3a8a0 00000007c0001438
0x0000700007793f00:   0000700007793f00 0000000000000000
0x0000700007793f10:   0000700007793fa8 0000000131c82600
0x0000700007793f20:   0000000131d68508 0000000131c703c0
0x0000700007793f30:   0000000000000000 0000700007793f60
0x0000700007793f40:   0000700007793ff0 000000010b63fd80
0x0000700007793f50:   0000000773da21f0 000000010b649bfb
0x0000700007793f60:   00000007799bd618 00000007799bd600
0x0000700007793f70:   0000000000000002 00000007799bd630
0x0000700007793f80:   00000001309832d0 0000000101697a6f
0x0000700007793f90:   00007fb14f2153d0 00007fb151221000
0x0000700007793fa0:   00007fb14f497d90 0000700007794330
0x0000700007793fb0:   0000700007793fb0 0000000131c700de
0x0000700007793fc0:   0000700007794040 0000000131c82600
0x0000700007793fd0:   0000000000000000 0000000131c70158
0x0000700007793fe0:   0000700007793f60 0000700007794000
0x0000700007793ff0:   0000700007794088 000000010b63fd80
0x0000700007794000:   00000007799bd618 00000007799bd600
0x0000700007794010:   0000000000000002 00000007799bd630
0x0000700007794020:   00000001309832d0 000000010b63fffd
0x0000700007794030:   00007fb14f2153d0 000000010b63fffd
0x0000700007794040:   0000000773db2bd8 0000700007794048
0x0000700007794050:   0000000131c87823 00007000077940d0
0x0000700007794060:   0000000131c89858 0000000000000000
0x0000700007794070:   0000000131c87940 0000700007794000
0x0000700007794080:   00007000077940b0 0000700007794118
0x0000700007794090:   000000010b63fd80 0000000000000000 

Instructions: (pc=0x000000010b650854)
0x000000010b650834:   0b 01 00 00 00 4c 3b 5d 18 0f 85 20 00 00 00 48
0x000000010b650844:   8b 04 24 48 83 c4 10 48 85 c0 0f 84 03 00 00 00
0x000000010b650854:   48 8b 00 48 89 45 10 48 83 ec 10 48 89 04 24 41
0x000000010b650864:   81 bf b0 02 00 00 01 00 00 00 0f 85 bd 00 00 00 

method entry point (kind = native)  [0x000000010b650400, 0x000000010b650dc0]  2496 bytes
Register to memory mapping:

RAX=0x00007fb180f557d8 is an unknown value
RBX={method} {0x0000000131c703c0} 'executeObject' '(JJJ[BI[I[Ljava/lang/Object;)Lcom/oracle/truffle/api/interop/TruffleObject;' in 'com/oracle/truffle/nfi/impl/NFIContext'
RCX=0x00666ae437f30040 is an unknown value
RDX=0x0000000000000004 is an unknown value
RSP=0x0000700007793ea0 is pointing into the stack for thread: 0x00007fb151221000
RBP=0x0000700007793f40 is pointing into the stack for thread: 0x00007fb151221000
RSI=0x0000000000000004 is an unknown value
RDI=0x00007fb151221000 is a thread
R8 =0x0000000000000000 is an unknown value
R9 =0x00007fb14f18ebd0 is an unknown value
R10=0x0000000000000000 is an unknown value
R11=0x000000010b649bfb is at code_begin+27 in an Interpreter codelet
result handlers for native calls  [0x000000010b649be0, 0x000000010b649c00]  32 bytes
R12=0x0000000000000000 is an unknown value
R13=0x0000000131c70398 is pointing into metadata
R14=0x0000700007793fa8 is pointing into the stack for thread: 0x00007fb151221000
R15=0x00007fb151221000 is a thread


Stack: [0x000070000769c000,0x000070000779c000],  sp=0x0000700007793ea0,  free space=991k
Native frames: (J=compiled Java code, j=interpreted, Vv=VM code, C=native code)
j  com.oracle.truffle.nfi.impl.NFIContext.executeObject(JJJ[BI[I[Ljava/lang/Object;)Lcom/oracle/truffle/api/interop/TruffleObject;+0
j  com.oracle.truffle.nfi.impl.NFIContext.executeObject(JJ[BI[I[Ljava/lang/Object;)Lcom/oracle/truffle/api/interop/TruffleObject;+14
j  com.oracle.truffle.nfi.impl.LibFFISignature.execute(Lcom/oracle/truffle/nfi/impl/NFIContext;JLcom/oracle/truffle/nfi/impl/NativeArgumentBuffer$Array;)Ljava/lang/Object;+43
j  com.oracle.truffle.nfi.impl.FunctionExecuteNode$SlowPathExecuteNode.slowPathExecute(Lcom/oracle/truffle/nfi/impl/NFIContext;Lcom/oracle/truffle/nfi/impl/LibFFISignature;JLcom/oracle/truffle/nfi/impl/NativeArgumentBuffer$Array;)Ljava/lang/Object;+5
j  com.oracle.truffle.nfi.impl.FunctionExecuteNode$SlowPathExecuteNode.execute(Lcom/oracle/truffle/api/frame/VirtualFrame;)Ljava/lang/Object;+54
J 2740 JVMCI-native org.graalvm.compiler.truffle.runtime.OptimizedCallTarget.callRoot([Ljava/lang/Object;)Ljava/lang/Object; (68 bytes) @ 0x000000010ba12136 [0x000000010ba12040+0xf6]
J 3207 JVMCI-native org.graalvm.compiler.truffle.runtime.OptimizedCallTarget.callBoundary([Ljava/lang/Object;)Ljava/lang/Object; (42 bytes) @ 0x000000010b7dc8dc [0x000000010b7dc820+0xbc]
J 3210 C1 org.graalvm.compiler.truffle.runtime.OptimizedCallTarget.callIndirect(Lcom/oracle/truffle/api/nodes/Node;[Ljava/lang/Object;)Ljava/lang/Object; (70 bytes) @ 0x000000010bdd0f04 [0x000000010bdd0760+0x7a4]
j  org.graalvm.compiler.truffle.runtime.OptimizedIndirectCallNode$1.call(Lcom/oracle/truffle/api/CallTarget;[Ljava/lang/Object;)Ljava/lang/Object;+11
j  com.oracle.truffle.nfi.impl.FunctionExecuteNode.genericExecute(Lcom/oracle/truffle/nfi/impl/NativePointer;Lcom/oracle/truffle/nfi/impl/LibFFISignature;[Ljava/lang/Object;Lcom/oracle/truffle/nfi/impl/NativeArgumentLibrary;Lcom/oracle/truffle/nfi/impl/NFILanguageImpl;)Ljava/lang/Object;+125
j  com.oracle.truffle.nfi.impl.FunctionExecuteNodeGen$Uncached.execute(Lcom/oracle/truffle/nfi/impl/NativePointer;Lcom/oracle/truffle/nfi/impl/LibFFISignature;[Ljava/lang/Object;)Ljava/lang/Object;+22
j  com.oracle.truffle.nfi.impl.NativePointer.call(Ljava/lang/Object;[Ljava/lang/Object;Lcom/oracle/truffle/nfi/impl/FunctionExecuteNode;)Ljava/lang/Object;+29
j  com.oracle.truffle.nfi.impl.NativePointerGen$NativeSymbolLibraryExports$Uncached.call(Ljava/lang/Object;Ljava/lang/Object;[Ljava/lang/Object;)Ljava/lang/Object;+37
j  com.oracle.truffle.nfi.NFISymbol.execute([Ljava/lang/Object;Lcom/oracle/truffle/nfi/spi/NativeSymbolLibrary;Lcom/oracle/truffle/api/profiles/BranchProfile;)Ljava/lang/Object;+17
j  com.oracle.truffle.nfi.NFISymbolGen$InteropLibraryExports$Uncached.execute(Ljava/lang/Object;[Ljava/lang/Object;)Ljava/lang/Object;+47
j  com.oracle.truffle.api.interop.InteropLibraryGen$UncachedDispatch.execute(Ljava/lang/Object;[Ljava/lang/Object;)Ljava/lang/Object;+12
j  com.oracle.truffle.nfi.NFILibrary.invokeMember(Ljava/lang/String;[Ljava/lang/Object;Lcom/oracle/truffle/api/interop/InteropLibrary;Lcom/oracle/truffle/api/profiles/BranchProfile;)Ljava/lang/Object;+26
j  com.oracle.truffle.nfi.NFILibraryGen$InteropLibraryExports$Uncached.invokeMember(Ljava/lang/Object;Ljava/lang/String;[Ljava/lang/Object;)Ljava/lang/Object;+46
j  com.oracle.truffle.api.interop.InteropLibraryGen$UncachedDispatch.invokeMember(Ljava/lang/Object;Ljava/lang/String;[Ljava/lang/Object;)Ljava/lang/Object;+13
j  de.hpi.swa.graal.squeak.nodes.plugins.SqueakFFIPrims$AbstractFFIPrimitiveNode.doCallout(Lde/hpi/swa/graal/squeak/model/PointersObject;Lde/hpi/swa/graal/squeak/model/AbstractSqueakObject;[Ljava/lang/Object;)Ljava/lang/Object;+517
j  de.hpi.swa.graal.squeak.nodes.primitives.impl.MiscellaneousPrimitives$PrimCalloutToFFINode.doCallout(Lde/hpi/swa/graal/squeak/model/AbstractSqueakObject;[Ljava/lang/Object;)Ljava/lang/Object;+37
j  de.hpi.swa.graal.squeak.nodes.primitives.impl.MiscellaneousPrimitives$PrimCalloutToFFINode.doArg2(Lde/hpi/swa/graal/squeak/model/AbstractSqueakObject;Ljava/lang/Object;Ljava/lang/Object;Lde/hpi/swa/graal/squeak/model/NotProvided;Lde/hpi/swa/graal/squeak/model/NotProvided;Lde/hpi/swa/graal/squeak/model/NotProvided;Lde/hpi/swa/graal/squeak/model/NotProvided;Lde/hpi/swa/graal/squeak/model/NotProvided;Lde/hpi/swa/graal/squeak/model/NotProvided;Lde/hpi/swa/graal/squeak/model/NotProvided;Lde/hpi/swa/graal/squeak/model/NotProvided;Lde/hpi/swa/graal/squeak/model/NotProvided;)Ljava/lang/Object;+14
j  de.hpi.swa.graal.squeak.nodes.primitives.impl.MiscellaneousPrimitivesFactory$PrimCalloutToFFINodeFactory$PrimCalloutToFFINodeGen.executeAndSpecialize(Ljava/lang/Object;Ljava/lang/Object;Ljava/lang/Object;Ljava/lang/Object;Ljava/lang/Object;Ljava/lang/Object;Ljava/lang/Object;Ljava/lang/Object;Ljava/lang/Object;Ljava/lang/Object;Ljava/lang/Object;Ljava/lang/Object;)Ljava/lang/Object;+378
j  de.hpi.swa.graal.squeak.nodes.primitives.impl.MiscellaneousPrimitivesFactory$PrimCalloutToFFINodeFactory$PrimCalloutToFFINodeGen.executePrimitive(Lcom/oracle/truffle/api/frame/VirtualFrame;)Ljava/lang/Object;+1726
J 3170 JVMCI-native de.hpi.swa.graal.squeak.nodes.ExecuteContextNode.startBytecode(Lcom/oracle/truffle/api/frame/VirtualFrame;)Ljava/lang/Object; (458 bytes) @ 0x000000010bba9706 [0x000000010bba8400+0x1306]
J 3090 JVMCI-native de.hpi.swa.graal.squeak.nodes.ExecuteContextNode.doVirtualized(Lcom/oracle/truffle/api/frame/VirtualFrame;Lde/hpi/swa/graal/squeak/model/ContextObject;Lde/hpi/swa/graal/squeak/nodes/MaterializeContextOnMethodExitNode;)Ljava/lang/Object; (169 bytes) @ 0x000000010bc613cc [0x000000010bc61360+0x6c]
J 3656 JVMCI-native de.hpi.swa.graal.squeak.nodes.ExecuteContextNodeGen.executeAndSpecialize(Lcom/oracle/truffle/api/frame/VirtualFrame;Lde/hpi/swa/graal/squeak/model/ContextObject;)Ljava/lang/Object; (183 bytes) @ 0x000000010beb747c [0x000000010beb7200+0x27c]
J 3094 JVMCI-native de.hpi.swa.graal.squeak.nodes.ExecuteContextNodeGen.executeContext(Lcom/oracle/truffle/api/frame/VirtualFrame;Lde/hpi/swa/graal/squeak/model/ContextObject;)Ljava/lang/Object; (61 bytes) @ 0x000000010bc6028c [0x000000010bc60000+0x28c]
J 3063 JVMCI-native de.hpi.swa.graal.squeak.nodes.EnterCodeNode.enterVirtualized(Lcom/oracle/truffle/api/frame/VirtualFrame;)Ljava/lang/Object; (27 bytes) @ 0x000000010c011aa4 [0x000000010c0118e0+0x1c4]
J 2892 JVMCI-native de.hpi.swa.graal.squeak.nodes.EnterCodeNode$SqueakCodeRootNode.execute(Lcom/oracle/truffle/api/frame/VirtualFrame;)Ljava/lang/Object; (9 bytes) @ 0x000000010b8f6164 [0x000000010b8f5e80+0x2e4]
J 2740 JVMCI-native org.graalvm.compiler.truffle.runtime.OptimizedCallTarget.callRoot([Ljava/lang/Object;)Ljava/lang/Object; (68 bytes) @ 0x000000010ba12136 [0x000000010ba12040+0xf6]
J 3207 JVMCI-native org.graalvm.compiler.truffle.runtime.OptimizedCallTarget.callBoundary([Ljava/lang/Object;)Ljava/lang/Object; (42 bytes) @ 0x000000010b7dc8dc [0x000000010b7dc820+0xbc]
J 3103 JVMCI-native org.graalvm.compiler.truffle.runtime.OptimizedDirectCallNode.call([Ljava/lang/Object;)Ljava/lang/Object; (68 bytes) @ 0x000000010beb3a14 [0x000000010beb3880+0x194]
J 2976 JVMCI-native de.hpi.swa.graal.squeak.nodes.DispatchEagerlyNode.doPrimitiveEagerly(Lcom/oracle/truffle/api/frame/VirtualFrame;Lde/hpi/swa/graal/squeak/model/CompiledMethodObject;[Ljava/lang/Object;Ljava/lang/Object;Lde/hpi/swa/graal/squeak/model/CompiledMethodObject;Lcom/oracle/truffle/api/Assumption;Lde/hpi/swa/graal/squeak/nodes/primitives/AbstractPrimitiveNode;Lde/hpi/swa/graal/squeak/nodes/context/frame/CreateEagerArgumentsNode;Lcom/oracle/truffle/api/RootCallTarget;Lcom/oracle/truffle/api/nodes/DirectCallNode;Lcom/oracle/truffle/api/profiles/BranchProfile;)Ljava/lang/Object; (38 bytes) @ 0x000000010be1dd74 [0x000000010be1d940+0x434]
J 3107 C1 de.hpi.swa.graal.squeak.nodes.DispatchEagerlyNodeGen.executeAndSpecialize(Lcom/oracle/truffle/api/frame/VirtualFrame;Lde/hpi/swa/graal/squeak/model/CompiledMethodObject;[Ljava/lang/Object;Ljava/lang/Object;)Ljava/lang/Object; (842 bytes) @ 0x000000010bf9fa54 [0x000000010bf95300+0xa754]
J 2932 JVMCI-native de.hpi.swa.graal.squeak.nodes.DispatchEagerlyNodeGen.executeDispatch(Lcom/oracle/truffle/api/frame/VirtualFrame;Lde/hpi/swa/graal/squeak/model/CompiledMethodObject;[Ljava/lang/Object;Ljava/lang/Object;)Ljava/lang/Object; (276 bytes) @ 0x000000010bc7b18c [0x000000010bc7b020+0x16c]
J 3059 JVMCI-native de.hpi.swa.graal.squeak.nodes.DispatchSendNodeGen.executeAndSpecialize(Lcom/oracle/truffle/api/frame/VirtualFrame;Lde/hpi/swa/graal/squeak/model/NativeObject;Ljava/lang/Object;Lde/hpi/swa/graal/squeak/model/ClassObject;[Ljava/lang/Object;Ljava/lang/Object;)Ljava/lang/Object; (527 bytes) @ 0x000000010bd3f50c [0x000000010bd3f300+0x20c]
J 2901 JVMCI-native de.hpi.swa.graal.squeak.nodes.bytecodes.SendBytecodes$AbstractSendNode.executeVoid(Lcom/oracle/truffle/api/frame/VirtualFrame;)V (192 bytes) @ 0x000000010b75bc3c [0x000000010b75b600+0x63c]
J 3170 JVMCI-native de.hpi.swa.graal.squeak.nodes.ExecuteContextNode.startBytecode(Lcom/oracle/truffle/api/frame/VirtualFrame;)Ljava/lang/Object; (458 bytes) @ 0x000000010bba8789 [0x000000010bba8400+0x389]
J 3090 JVMCI-native de.hpi.swa.graal.squeak.nodes.ExecuteContextNode.doVirtualized(Lcom/oracle/truffle/api/frame/VirtualFrame;Lde/hpi/swa/graal/squeak/model/ContextObject;Lde/hpi/swa/graal/squeak/nodes/MaterializeContextOnMethodExitNode;)Ljava/lang/Object; (169 bytes) @ 0x000000010bc613cc [0x000000010bc61360+0x6c]
J 3656 JVMCI-native de.hpi.swa.graal.squeak.nodes.ExecuteContextNodeGen.executeAndSpecialize(Lcom/oracle/truffle/api/frame/VirtualFrame;Lde/hpi/swa/graal/squeak/model/ContextObject;)Ljava/lang/Object; (183 bytes) @ 0x000000010beb747c [0x000000010beb7200+0x27c]
J 3094 JVMCI-native de.hpi.swa.graal.squeak.nodes.ExecuteContextNodeGen.executeContext(Lcom/oracle/truffle/api/frame/VirtualFrame;Lde/hpi/swa/graal/squeak/model/ContextObject;)Ljava/lang/Object; (61 bytes) @ 0x000000010bc6028c [0x000000010bc60000+0x28c]
J 3063 JVMCI-native de.hpi.swa.graal.squeak.nodes.EnterCodeNode.enterVirtualized(Lcom/oracle/truffle/api/frame/VirtualFrame;)Ljava/lang/Object; (27 bytes) @ 0x000000010c011aa4 [0x000000010c0118e0+0x1c4]
J 2892 JVMCI-native de.hpi.swa.graal.squeak.nodes.EnterCodeNode$SqueakCodeRootNode.execute(Lcom/oracle/truffle/api/frame/VirtualFrame;)Ljava/lang/Object; (9 bytes) @ 0x000000010b8f6164 [0x000000010b8f5e80+0x2e4]
J 2740 JVMCI-native org.graalvm.compiler.truffle.runtime.OptimizedCallTarget.callRoot([Ljava/lang/Object;)Ljava/lang/Object; (68 bytes) @ 0x000000010ba12136 [0x000000010ba12040+0xf6]
J 3207 JVMCI-native org.graalvm.compiler.truffle.runtime.OptimizedCallTarget.callBoundary([Ljava/lang/Object;)Ljava/lang/Object; (42 bytes) @ 0x000000010b7dc8dc [0x000000010b7dc820+0xbc]
J 3103 JVMCI-native org.graalvm.compiler.truffle.runtime.OptimizedDirectCallNode.call([Ljava/lang/Object;)Ljava/lang/Object; (68 bytes) @ 0x000000010beb3a14 [0x000000010beb3880+0x194]
J 3107 C1 de.hpi.swa.graal.squeak.nodes.DispatchEagerlyNodeGen.executeAndSpecialize(Lcom/oracle/truffle/api/frame/VirtualFrame;Lde/hpi/swa/graal/squeak/model/CompiledMethodObject;[Ljava/lang/Object;Ljava/lang/Object;)Ljava/lang/Object; (842 bytes) @ 0x000000010bf9f6c4 [0x000000010bf95300+0xa3c4]
J 2932 JVMCI-native de.hpi.swa.graal.squeak.nodes.DispatchEagerlyNodeGen.executeDispatch(Lcom/oracle/truffle/api/frame/VirtualFrame;Lde/hpi/swa/graal/squeak/model/CompiledMethodObject;[Ljava/lang/Object;Ljava/lang/Object;)Ljava/lang/Object; (276 bytes) @ 0x000000010bc7b18c [0x000000010bc7b020+0x16c]
J 3059 JVMCI-native de.hpi.swa.graal.squeak.nodes.DispatchSendNodeGen.executeAndSpecialize(Lcom/oracle/truffle/api/frame/VirtualFrame;Lde/hpi/swa/graal/squeak/model/NativeObject;Ljava/lang/Object;Lde/hpi/swa/graal/squeak/model/ClassObject;[Ljava/lang/Object;Ljava/lang/Object;)Ljava/lang/Object; (527 bytes) @ 0x000000010bd3f50c [0x000000010bd3f300+0x20c]
J 2554 JVMCI-native de.hpi.swa.graal.squeak.nodes.DispatchSendNodeGen.executeSend(Lcom/oracle/truffle/api/frame/VirtualFrame;Lde/hpi/swa/graal/squeak/model/NativeObject;Ljava/lang/Object;Lde/hpi/swa/graal/squeak/model/ClassObject;[Ljava/lang/Object;Ljava/lang/Object;)Ljava/lang/Object; (279 bytes) @ 0x000000010b76e40c [0x000000010b76e300+0x10c]
J 3097 C1 de.hpi.swa.graal.squeak.nodes.primitives.impl.ControlPrimitives$AbstractPerformPrimitiveNode.dispatch(Lcom/oracle/truffle/api/frame/VirtualFrame;Lde/hpi/swa/graal/squeak/model/NativeObject;[Ljava/lang/Object;)Ljava/lang/Object; (15 bytes) @ 0x000000010bc8a56c [0x000000010bc88b40+0x1a2c]
j  de.hpi.swa.graal.squeak.nodes.primitives.impl.ControlPrimitives$PrimPerformNode.perform(Lcom/oracle/truffle/api/frame/VirtualFrame;Ljava/lang/Object;Lde/hpi/swa/graal/squeak/model/NativeObject;Lde/hpi/swa/graal/squeak/model/NotProvided;Lde/hpi/swa/graal/squeak/model/NotProvided;Lde/hpi/swa/graal/squeak/model/NotProvided;Lde/hpi/swa/graal/squeak/model/NotProvided;Lde/hpi/swa/graal/squeak/model/NotProvided;)Ljava/lang/Object;+11
j  de.hpi.swa.graal.squeak.nodes.primitives.impl.ControlPrimitivesFactory$PrimPerformNodeFactory$PrimPerformNodeGen.executeAndSpecialize(Lcom/oracle/truffle/api/frame/VirtualFrame;Ljava/lang/Object;Ljava/lang/Object;Ljava/lang/Object;Ljava/lang/Object;Ljava/lang/Object;Ljava/lang/Object;Ljava/lang/Object;)Ljava/lang/Object;+124
J 3235 C1 de.hpi.swa.graal.squeak.nodes.primitives.impl.ControlPrimitivesFactory$PrimPerformNodeFactory$PrimPerformNodeGen.executeWithArguments(Lcom/oracle/truffle/api/frame/VirtualFrame;[Ljava/lang/Object;)Ljava/lang/Object; (558 bytes) @ 0x000000010bfc9714 [0x000000010bfc65c0+0x3154]
J 2976 JVMCI-native de.hpi.swa.graal.squeak.nodes.DispatchEagerlyNode.doPrimitiveEagerly(Lcom/oracle/truffle/api/frame/VirtualFrame;Lde/hpi/swa/graal/squeak/model/CompiledMethodObject;[Ljava/lang/Object;Ljava/lang/Object;Lde/hpi/swa/graal/squeak/model/CompiledMethodObject;Lcom/oracle/truffle/api/Assumption;Lde/hpi/swa/graal/squeak/nodes/primitives/AbstractPrimitiveNode;Lde/hpi/swa/graal/squeak/nodes/context/frame/CreateEagerArgumentsNode;Lcom/oracle/truffle/api/RootCallTarget;Lcom/oracle/truffle/api/nodes/DirectCallNode;Lcom/oracle/truffle/api/profiles/BranchProfile;)Ljava/lang/Object; (38 bytes) @ 0x000000010be1da16 [0x000000010be1d940+0xd6]
J 3107 C1 de.hpi.swa.graal.squeak.nodes.DispatchEagerlyNodeGen.executeAndSpecialize(Lcom/oracle/truffle/api/frame/VirtualFrame;Lde/hpi/swa/graal/squeak/model/CompiledMethodObject;[Ljava/lang/Object;Ljava/lang/Object;)Ljava/lang/Object; (842 bytes) @ 0x000000010bf9fa54 [0x000000010bf95300+0xa754]
J 2932 JVMCI-native de.hpi.swa.graal.squeak.nodes.DispatchEagerlyNodeGen.executeDispatch(Lcom/oracle/truffle/api/frame/VirtualFrame;Lde/hpi/swa/graal/squeak/model/CompiledMethodObject;[Ljava/lang/Object;Ljava/lang/Object;)Ljava/lang/Object; (276 bytes) @ 0x000000010bc7b18c [0x000000010bc7b020+0x16c]
J 3059 JVMCI-native de.hpi.swa.graal.squeak.nodes.DispatchSendNodeGen.executeAndSpecialize(Lcom/oracle/truffle/api/frame/VirtualFrame;Lde/hpi/swa/graal/squeak/model/NativeObject;Ljava/lang/Object;Lde/hpi/swa/graal/squeak/model/ClassObject;[Ljava/lang/Object;Ljava/lang/Object;)Ljava/lang/Object; (527 bytes) @ 0x000000010bd3f50c [0x000000010bd3f300+0x20c]
J 2901 JVMCI-native de.hpi.swa.graal.squeak.nodes.bytecodes.SendBytecodes$AbstractSendNode.executeVoid(Lcom/oracle/truffle/api/frame/VirtualFrame;)V (192 bytes) @ 0x000000010b75bc3c [0x000000010b75b600+0x63c]
J 3170 JVMCI-native de.hpi.swa.graal.squeak.nodes.ExecuteContextNode.startBytecode(Lcom/oracle/truffle/api/frame/VirtualFrame;)Ljava/lang/Object; (458 bytes) @ 0x000000010bba8789 [0x000000010bba8400+0x389]
J 3090 JVMCI-native de.hpi.swa.graal.squeak.nodes.ExecuteContextNode.doVirtualized(Lcom/oracle/truffle/api/frame/VirtualFrame;Lde/hpi/swa/graal/squeak/model/ContextObject;Lde/hpi/swa/graal/squeak/nodes/MaterializeContextOnMethodExitNode;)Ljava/lang/Object; (169 bytes) @ 0x000000010bc613cc [0x000000010bc61360+0x6c]
J 3656 JVMCI-native de.hpi.swa.graal.squeak.nodes.ExecuteContextNodeGen.executeAndSpecialize(Lcom/oracle/truffle/api/frame/VirtualFrame;Lde/hpi/swa/graal/squeak/model/ContextObject;)Ljava/lang/Object; (183 bytes) @ 0x000000010beb747c [0x000000010beb7200+0x27c]
J 3094 JVMCI-native de.hpi.swa.graal.squeak.nodes.ExecuteContextNodeGen.executeContext(Lcom/oracle/truffle/api/frame/VirtualFrame;Lde/hpi/swa/graal/squeak/model/ContextObject;)Ljava/lang/Object; (61 bytes) @ 0x000000010bc6028c [0x000000010bc60000+0x28c]
J 3063 JVMCI-native de.hpi.swa.graal.squeak.nodes.EnterCodeNode.enterVirtualized(Lcom/oracle/truffle/api/frame/VirtualFrame;)Ljava/lang/Object; (27 bytes) @ 0x000000010c011aa4 [0x000000010c0118e0+0x1c4]
J 2892 JVMCI-native de.hpi.swa.graal.squeak.nodes.EnterCodeNode$SqueakCodeRootNode.execute(Lcom/oracle/truffle/api/frame/VirtualFrame;)Ljava/lang/Object; (9 bytes) @ 0x000000010b8f6164 [0x000000010b8f5e80+0x2e4]
J 2740 JVMCI-native org.graalvm.compiler.truffle.runtime.OptimizedCallTarget.callRoot([Ljava/lang/Object;)Ljava/lang/Object; (68 bytes) @ 0x000000010ba12136 [0x000000010ba12040+0xf6]
J 3207 JVMCI-native org.graalvm.compiler.truffle.runtime.OptimizedCallTarget.callBoundary([Ljava/lang/Object;)Ljava/lang/Object; (42 bytes) @ 0x000000010b7dc8dc [0x000000010b7dc820+0xbc]
J 3103 JVMCI-native org.graalvm.compiler.truffle.runtime.OptimizedDirectCallNode.call([Ljava/lang/Object;)Ljava/lang/Object; (68 bytes) @ 0x000000010beb3a14 [0x000000010beb3880+0x194]
J 3329 C1 de.hpi.swa.graal.squeak.nodes.BlockActivationNodeGen.executeAndSpecialize(Lde/hpi/swa/graal/squeak/model/BlockClosureObject;[Ljava/lang/Object;)Ljava/lang/Object; (450 bytes) @ 0x000000010be1b9c4 [0x000000010be18e40+0x2b84]
J 3591 C1 de.hpi.swa.graal.squeak.nodes.BlockActivationNodeGen.executeBlock(Lde/hpi/swa/graal/squeak/model/BlockClosureObject;[Ljava/lang/Object;)Ljava/lang/Object; (122 bytes) @ 0x000000010bdded14 [0x000000010bdde1a0+0xb74]
J 3565 C1 de.hpi.swa.graal.squeak.nodes.primitives.impl.BlockClosurePrimitivesFactory$PrimClosureValue0NodeFactory$PrimClosureValue0NodeGen.executeAndSpecialize(Lcom/oracle/truffle/api/frame/VirtualFrame;Ljava/lang/Object;)Ljava/lang/Object; (199 bytes) @ 0x000000010c002e04 [0x000000010c0008e0+0x2524]
J 2945 C1 de.hpi.swa.graal.squeak.nodes.primitives.impl.BlockClosurePrimitivesFactory$PrimClosureValue0NodeFactory$PrimClosureValue0NodeGen.executeWithArguments(Lcom/oracle/truffle/api/frame/VirtualFrame;[Ljava/lang/Object;)Ljava/lang/Object; (86 bytes) @ 0x000000010ba80d7c [0x000000010ba7e060+0x2d1c]
J 2976 JVMCI-native de.hpi.swa.graal.squeak.nodes.DispatchEagerlyNode.doPrimitiveEagerly(Lcom/oracle/truffle/api/frame/VirtualFrame;Lde/hpi/swa/graal/squeak/model/CompiledMethodObject;[Ljava/lang/Object;Ljava/lang/Object;Lde/hpi/swa/graal/squeak/model/CompiledMethodObject;Lcom/oracle/truffle/api/Assumption;Lde/hpi/swa/graal/squeak/nodes/primitives/AbstractPrimitiveNode;Lde/hpi/swa/graal/squeak/nodes/context/frame/CreateEagerArgumentsNode;Lcom/oracle/truffle/api/RootCallTarget;Lcom/oracle/truffle/api/nodes/DirectCallNode;Lcom/oracle/truffle/api/profiles/BranchProfile;)Ljava/lang/Object; (38 bytes) @ 0x000000010be1da16 [0x000000010be1d940+0xd6]
J 3107 C1 de.hpi.swa.graal.squeak.nodes.DispatchEagerlyNodeGen.executeAndSpecialize(Lcom/oracle/truffle/api/frame/VirtualFrame;Lde/hpi/swa/graal/squeak/model/CompiledMethodObject;[Ljava/lang/Object;Ljava/lang/Object;)Ljava/lang/Object; (842 bytes) @ 0x000000010bf9fa54 [0x000000010bf95300+0xa754]
J 2932 JVMCI-native de.hpi.swa.graal.squeak.nodes.DispatchEagerlyNodeGen.executeDispatch(Lcom/oracle/truffle/api/frame/VirtualFrame;Lde/hpi/swa/graal/squeak/model/CompiledMethodObject;[Ljava/lang/Object;Ljava/lang/Object;)Ljava/lang/Object; (276 bytes) @ 0x000000010bc7b18c [0x000000010bc7b020+0x16c]
J 3059 JVMCI-native de.hpi.swa.graal.squeak.nodes.DispatchSendNodeGen.executeAndSpecialize(Lcom/oracle/truffle/api/frame/VirtualFrame;Lde/hpi/swa/graal/squeak/model/NativeObject;Ljava/lang/Object;Lde/hpi/swa/graal/squeak/model/ClassObject;[Ljava/lang/Object;Ljava/lang/Object;)Ljava/lang/Object; (527 bytes) @ 0x000000010bd3f50c [0x000000010bd3f300+0x20c]
J 2901 JVMCI-native de.hpi.swa.graal.squeak.nodes.bytecodes.SendBytecodes$AbstractSendNode.executeVoid(Lcom/oracle/truffle/api/frame/VirtualFrame;)V (192 bytes) @ 0x000000010b75bc3c [0x000000010b75b600+0x63c]
J 3170 JVMCI-native de.hpi.swa.graal.squeak.nodes.ExecuteContextNode.startBytecode(Lcom/oracle/truffle/api/frame/VirtualFrame;)Ljava/lang/Object; (458 bytes) @ 0x000000010bba8789 [0x000000010bba8400+0x389]
J 3090 JVMCI-native de.hpi.swa.graal.squeak.nodes.ExecuteContextNode.doVirtualized(Lcom/oracle/truffle/api/frame/VirtualFrame;Lde/hpi/swa/graal/squeak/model/ContextObject;Lde/hpi/swa/graal/squeak/nodes/MaterializeContextOnMethodExitNode;)Ljava/lang/Object; (169 bytes) @ 0x000000010bc613cc [0x000000010bc61360+0x6c]
J 3656 JVMCI-native de.hpi.swa.graal.squeak.nodes.ExecuteContextNodeGen.executeAndSpecialize(Lcom/oracle/truffle/api/frame/VirtualFrame;Lde/hpi/swa/graal/squeak/model/ContextObject;)Ljava/lang/Object; (183 bytes) @ 0x000000010beb747c [0x000000010beb7200+0x27c]
J 3094 JVMCI-native de.hpi.swa.graal.squeak.nodes.ExecuteContextNodeGen.executeContext(Lcom/oracle/truffle/api/frame/VirtualFrame;Lde/hpi/swa/graal/squeak/model/ContextObject;)Ljava/lang/Object; (61 bytes) @ 0x000000010bc6028c [0x000000010bc60000+0x28c]
J 3063 JVMCI-native de.hpi.swa.graal.squeak.nodes.EnterCodeNode.enterVirtualized(Lcom/oracle/truffle/api/frame/VirtualFrame;)Ljava/lang/Object; (27 bytes) @ 0x000000010c011aa4 [0x000000010c0118e0+0x1c4]
J 2892 JVMCI-native de.hpi.swa.graal.squeak.nodes.EnterCodeNode$SqueakCodeRootNode.execute(Lcom/oracle/truffle/api/frame/VirtualFrame;)Ljava/lang/Object; (9 bytes) @ 0x000000010b8f6164 [0x000000010b8f5e80+0x2e4]
J 2740 JVMCI-native org.graalvm.compiler.truffle.runtime.OptimizedCallTarget.callRoot([Ljava/lang/Object;)Ljava/lang/Object; (68 bytes) @ 0x000000010ba12136 [0x000000010ba12040+0xf6]
J 3207 JVMCI-native org.graalvm.compiler.truffle.runtime.OptimizedCallTarget.callBoundary([Ljava/lang/Object;)Ljava/lang/Object; (42 bytes) @ 0x000000010b7dc8dc [0x000000010b7dc820+0xbc]
J 3103 JVMCI-native org.graalvm.compiler.truffle.runtime.OptimizedDirectCallNode.call([Ljava/lang/Object;)Ljava/lang/Object; (68 bytes) @ 0x000000010beb3a14 [0x000000010beb3880+0x194]
J 3107 C1 de.hpi.swa.graal.squeak.nodes.DispatchEagerlyNodeGen.executeAndSpecialize(Lcom/oracle/truffle/api/frame/VirtualFrame;Lde/hpi/swa/graal/squeak/model/CompiledMethodObject;[Ljava/lang/Object;Ljava/lang/Object;)Ljava/lang/Object; (842 bytes) @ 0x000000010bf9f6c4 [0x000000010bf95300+0xa3c4]
J 2932 JVMCI-native de.hpi.swa.graal.squeak.nodes.DispatchEagerlyNodeGen.executeDispatch(Lcom/oracle/truffle/api/frame/VirtualFrame;Lde/hpi/swa/graal/squeak/model/CompiledMethodObject;[Ljava/lang/Object;Ljava/lang/Object;)Ljava/lang/Object; (276 bytes) @ 0x000000010bc7b18c [0x000000010bc7b020+0x16c]
J 3059 JVMCI-native de.hpi.swa.graal.squeak.nodes.DispatchSendNodeGen.executeAndSpecialize(Lcom/oracle/truffle/api/frame/VirtualFrame;Lde/hpi/swa/graal/squeak/model/NativeObject;Ljava/lang/Object;Lde/hpi/swa/graal/squeak/model/ClassObject;[Ljava/lang/Object;Ljava/lang/Object;)Ljava/lang/Object; (527 bytes) @ 0x000000010bd3f50c [0x000000010bd3f300+0x20c]
J 2901 JVMCI-native de.hpi.swa.graal.squeak.nodes.bytecodes.SendBytecodes$AbstractSendNode.executeVoid(Lcom/oracle/truffle/api/frame/VirtualFrame;)V (192 bytes) @ 0x000000010b75bc3c [0x000000010b75b600+0x63c]
J 3170 JVMCI-native de.hpi.swa.graal.squeak.nodes.ExecuteContextNode.startBytecode(Lcom/oracle/truffle/api/frame/VirtualFrame;)Ljava/lang/Object; (458 bytes) @ 0x000000010bba8789 [0x000000010bba8400+0x389]
J 3090 JVMCI-native de.hpi.swa.graal.squeak.nodes.ExecuteContextNode.doVirtualized(Lcom/oracle/truffle/api/frame/VirtualFrame;Lde/hpi/swa/graal/squeak/model/ContextObject;Lde/hpi/swa/graal/squeak/nodes/MaterializeContextOnMethodExitNode;)Ljava/lang/Object; (169 bytes) @ 0x000000010bc613cc [0x000000010bc61360+0x6c]
J 3656 JVMCI-native de.hpi.swa.graal.squeak.nodes.ExecuteContextNodeGen.executeAndSpecialize(Lcom/oracle/truffle/api/frame/VirtualFrame;Lde/hpi/swa/graal/squeak/model/ContextObject;)Ljava/lang/Object; (183 bytes) @ 0x000000010beb747c [0x000000010beb7200+0x27c]
J 3094 JVMCI-native de.hpi.swa.graal.squeak.nodes.ExecuteContextNodeGen.executeContext(Lcom/oracle/truffle/api/frame/VirtualFrame;Lde/hpi/swa/graal/squeak/model/ContextObject;)Ljava/lang/Object; (61 bytes) @ 0x000000010bc6028c [0x000000010bc60000+0x28c]
J 3063 JVMCI-native de.hpi.swa.graal.squeak.nodes.EnterCodeNode.enterVirtualized(Lcom/oracle/truffle/api/frame/VirtualFrame;)Ljava/lang/Object; (27 bytes) @ 0x000000010c011aa4 [0x000000010c0118e0+0x1c4]
J 2892 JVMCI-native de.hpi.swa.graal.squeak.nodes.EnterCodeNode$SqueakCodeRootNode.execute(Lcom/oracle/truffle/api/frame/VirtualFrame;)Ljava/lang/Object; (9 bytes) @ 0x000000010b8f6164 [0x000000010b8f5e80+0x2e4]
J 2740 JVMCI-native org.graalvm.compiler.truffle.runtime.OptimizedCallTarget.callRoot([Ljava/lang/Object;)Ljava/lang/Object; (68 bytes) @ 0x000000010ba12136 [0x000000010ba12040+0xf6]
J 3207 JVMCI-native org.graalvm.compiler.truffle.runtime.OptimizedCallTarget.callBoundary([Ljava/lang/Object;)Ljava/lang/Object; (42 bytes) @ 0x000000010b7dc8dc [0x000000010b7dc820+0xbc]
J 3103 JVMCI-native org.graalvm.compiler.truffle.runtime.OptimizedDirectCallNode.call([Ljava/lang/Object;)Ljava/lang/Object; (68 bytes) @ 0x000000010beb3a14 [0x000000010beb3880+0x194]
...<more frames>...


---------------  P R O C E S S  ---------------

Java Threads: ( => current thread )
  0x00007fb14e3c1800 JavaThread "TruffleCompilerThread-20" daemon [_thread_in_vm, id=42243, stack(0x00007000079a5000,0x0000700007aa5000)]
  0x00007fb14d9c4000 JavaThread "TruffleCompilerThread-19" daemon [_thread_blocked, id=22787, stack(0x00007000078a2000,0x00007000079a2000)]
  0x00007fb14e1c3800 JavaThread "nfi-gc" daemon [_thread_blocked, id=43011, stack(0x000070000779f000,0x000070000789f000)]
=>0x00007fb151221000 JavaThread "ForkJoinPool.commonPool-worker-1" daemon [_thread_in_Java, id=43267, stack(0x000070000769c000,0x000070000779c000)]
  0x00007fb14e8a0000 JavaThread "pool-1-thread-1" [_thread_blocked, id=4359, stack(0x0000700007599000,0x0000700007699000)]
  0x00007fb14f872800 JavaThread "ReaderThread" [_thread_in_native, id=21763, stack(0x0000700007496000,0x0000700007596000)]
  0x00007fb14d832800 JavaThread "Service Thread" daemon [_thread_blocked, id=15619, stack(0x0000700007290000,0x0000700007390000)]
  0x00007fb14f82c800 JavaThread "C1 CompilerThread3" daemon [_thread_blocked, id=15875, stack(0x000070000708d000,0x000070000728d000)]
  0x00007fb14e049000 JavaThread "JVMCI-native CompilerThread2" daemon [_thread_blocked, id=16131, stack(0x0000700006e8a000,0x000070000708a000)]
  0x00007fb14e048000 JavaThread "JVMCI-native CompilerThread1" daemon [_thread_blocked, id=16387, stack(0x0000700006c87000,0x0000700006e87000)]
  0x00007fb14e047800 JavaThread "JVMCI-native CompilerThread0" daemon [_thread_blocked, id=16899, stack(0x0000700006a84000,0x0000700006c84000)]
  0x00007fb14e045800 JavaThread "Signal Dispatcher" daemon [_thread_blocked, id=17155, stack(0x0000700006981000,0x0000700006a81000)]
  0x00007fb150800000 JavaThread "Finalizer" daemon [_thread_blocked, id=18691, stack(0x000070000687e000,0x000070000697e000)]
  0x00007fb14e03d000 JavaThread "Reference Handler" daemon [_thread_blocked, id=12291, stack(0x000070000677b000,0x000070000687b000)]
  0x00007fb14d802800 JavaThread "main" [_thread_blocked, id=9987, stack(0x0000700005d5d000,0x0000700005e5d000)]

Other Threads:
  0x00007fb14e038800 VMThread [stack: 0x0000700006678000,0x0000700006778000] [id=19203]
  0x00007fb14e051000 WatcherThread [stack: 0x0000700007393000,0x0000700007493000] [id=15363]

VM state:synchronizing (normal execution)

VM Mutex/Monitor currently owned by a thread:  ([mutex/lock_event])
[0x00007fb14cc0eb60] Safepoint_lock - owner thread: 0x00007fb14e038800
[0x00007fb14cc0ebe0] Threads_lock - owner thread: 0x00007fb14e038800

heap address: 0x00000006c0000000, size: 4096 MB, Compressed Oops mode: Zero based, Oop shift amount: 3
Narrow klass base: 0x0000000000000000, Narrow klass shift: 3
Compressed class space size: 1073741824 Address: 0x00000007c0000000

Heap:
 PSYoungGen      total 427008K, used 245256K [0x000000076ab00000, 0x0000000793c00000, 0x00000007c0000000)
  eden space 252928K, 96% used [0x000000076ab00000,0x0000000779a82370,0x000000077a200000)
  from space 174080K, 0% used [0x000000077a200000,0x000000077a200000,0x0000000784c00000)
  to   space 183808K, 0% used [0x0000000788880000,0x0000000788880000,0x0000000793c00000)
 ParOldGen       total 343040K, used 151069K [0x00000006c0000000, 0x00000006d4f00000, 0x000000076ab00000)
  object space 343040K, 44% used [0x00000006c0000000,0x00000006c9387598,0x00000006d4f00000)
 Metaspace       used 24915K, capacity 25452K, committed 25600K, reserved 1071104K
  class space    used 2927K, capacity 3025K, committed 3072K, reserved 1048576K

Card table byte_map: [0x000000010259f000,0x0000000102da0000] byte_map_base: 0x00000000fef9f000

Marking Bits: (ParMarkBitMap*) 0x0000000101eaf1e8
 Begin Bits: [0x00000001032f6000, 0x00000001072f6000)
 End Bits:   [0x00000001072f6000, 0x000000010b2f6000)

Polling page: 0x00000001005f6000

CodeCache: size=245760Kb used=11154Kb max_used=11154Kb free=234605Kb
 bounds [0x000000010b638000, 0x000000010c198000, 0x000000011a638000]
 total_blobs=3415 nmethods=2921 adapters=405
 compilation: enabled

Compilation events (10 events):
Event: 7.927 Thread 0x00007fb14f82c800 nmethod 3770 0x000000010bb7d9d0 code [0x000000010bb7dc00, 0x000000010bb7ea48]
Event: 7.927 Thread 0x00007fb14f82c800 3771   !   3       java.io.PrintStream::newLine (73 bytes)
Event: 7.928 Thread 0x00007fb14f82c800 nmethod 3771 0x000000010c0a8c10 code [0x000000010c0a8e40, 0x000000010c0a9c18]
Event: 7.928 Thread 0x00007fb14f82c800 3772       3       java.io.BufferedWriter::newLine (9 bytes)
Event: 7.928 Thread 0x00007fb14f82c800 nmethod 3772 0x000000010c0a8510 code [0x000000010c0a86a0, 0x000000010c0a8ae8]
Event: 7.928 Thread 0x00007fb14f82c800 3773       3       java.lang.Throwable$WrappedPrintStream::println (9 bytes)
Event: 7.929 Thread 0x00007fb14f82c800 nmethod 3773 0x000000010c0a7610 code [0x000000010c0a77e0, 0x000000010c0a82c8]
Event: 7.929 Thread 0x00007fb14f82c800 3774   !   3       java.io.PrintStream::println (31 bytes)
Event: 7.929 Thread 0x00007fb14f82c800 nmethod 3774 0x000000010c0a6990 code [0x000000010c0a6b40, 0x000000010c0a7408]
Event: 7.929 Thread 0x00007fb14f82c800 3765       3       java.util.Formatter$FormatSpecifier::<init> (246 bytes)

GC Heap History (10 events):
Event: 2.229 GC heap before
{Heap before GC invocations=7 (full 1):
 PSYoungGen      total 141824K, used 131072K [0x000000076ab00000, 0x0000000786500000, 0x00000007c0000000)
  eden space 131072K, 100% used [0x000000076ab00000,0x0000000772b00000,0x0000000772b00000)
  from space 10752K, 0% used [0x0000000772b00000,0x0000000772b00000,0x0000000773580000)
  to   space 95232K, 0% used [0x0000000780800000,0x0000000780800000,0x0000000786500000)
 ParOldGen       total 343040K, used 159530K [0x00000006c0000000, 0x00000006d4f00000, 0x000000076ab00000)
  object space 343040K, 46% used [0x00000006c0000000,0x00000006c9bca9d0,0x00000006d4f00000)
 Metaspace       used 13784K, capacity 14238K, committed 14464K, reserved 1062912K
  class space    used 1492K, capacity 1609K, committed 1664K, reserved 1048576K
Event: 2.289 GC heap after
Heap after GC invocations=7 (full 1):
 PSYoungGen      total 263168K, used 79108K [0x000000076ab00000, 0x0000000785580000, 0x00000007c0000000)
  eden space 183808K, 0% used [0x000000076ab00000,0x000000076ab00000,0x0000000775e80000)
  from space 79360K, 99% used [0x0000000780800000,0x00000007855413c8,0x0000000785580000)
  to   space 108544K, 0% used [0x0000000778180000,0x0000000778180000,0x000000077eb80000)
 ParOldGen       total 343040K, used 159530K [0x00000006c0000000, 0x00000006d4f00000, 0x000000076ab00000)
  object space 343040K, 46% used [0x00000006c0000000,0x00000006c9bca9d0,0x00000006d4f00000)
 Metaspace       used 13784K, capacity 14238K, committed 14464K, reserved 1062912K
  class space    used 1492K, capacity 1609K, committed 1664K, reserved 1048576K
}
Event: 2.884 GC heap before
{Heap before GC invocations=8 (full 1):
 PSYoungGen      total 263168K, used 262916K [0x000000076ab00000, 0x0000000785580000, 0x00000007c0000000)
  eden space 183808K, 100% used [0x000000076ab00000,0x0000000775e80000,0x0000000775e80000)
  from space 79360K, 99% used [0x0000000780800000,0x00000007855413c8,0x0000000785580000)
  to   space 108544K, 0% used [0x0000000778180000,0x0000000778180000,0x000000077eb80000)
 ParOldGen       total 343040K, used 159530K [0x00000006c0000000, 0x00000006d4f00000, 0x000000076ab00000)
  object space 343040K, 46% used [0x00000006c0000000,0x00000006c9bca9d0,0x00000006d4f00000)
 Metaspace       used 14026K, capacity 14462K, committed 14720K, reserved 1062912K
  class space    used 1534K, capacity 1641K, committed 1664K, reserved 1048576K
Event: 3.008 GC heap after
Heap after GC invocations=8 (full 1):
 PSYoungGen      total 328192K, used 108525K [0x000000076ab00000, 0x000000078ee00000, 0x00000007c0000000)
  eden space 219648K, 0% used [0x000000076ab00000,0x000000076ab00000,0x0000000778180000)
  from space 108544K, 99% used [0x0000000778180000,0x000000077eb7b778,0x000000077eb80000)
  to   space 165888K, 0% used [0x0000000784c00000,0x0000000784c00000,0x000000078ee00000)
 ParOldGen       total 343040K, used 229500K [0x00000006c0000000, 0x00000006d4f00000, 0x000000076ab00000)
  object space 343040K, 66% used [0x00000006c0000000,0x00000006ce01f388,0x00000006d4f00000)
 Metaspace       used 14026K, capacity 14462K, committed 14720K, reserved 1062912K
  class space    used 1534K, capacity 1641K, committed 1664K, reserved 1048576K
}
Event: 4.094 GC heap before
{Heap before GC invocations=9 (full 1):
 PSYoungGen      total 328192K, used 328173K [0x000000076ab00000, 0x000000078ee00000, 0x00000007c0000000)
  eden space 219648K, 100% used [0x000000076ab00000,0x0000000778180000,0x0000000778180000)
  from space 108544K, 99% used [0x0000000778180000,0x000000077eb7b778,0x000000077eb80000)
  to   space 165888K, 0% used [0x0000000784c00000,0x0000000784c00000,0x000000078ee00000)
 ParOldGen       total 343040K, used 229500K [0x00000006c0000000, 0x00000006d4f00000, 0x000000076ab00000)
  object space 343040K, 66% used [0x00000006c0000000,0x00000006ce01f388,0x00000006d4f00000)
 Metaspace       used 19524K, capacity 19946K, committed 20096K, reserved 1067008K
  class space    used 2528K, capacity 2635K, committed 2688K, reserved 1048576K
Event: 4.181 GC heap after
Heap after GC invocations=9 (full 1):
 PSYoungGen      total 418816K, used 110871K [0x000000076ab00000, 0x0000000792900000, 0x00000007c0000000)
  eden space 252928K, 0% used [0x000000076ab00000,0x000000076ab00000,0x000000077a200000)
  from space 165888K, 66% used [0x0000000784c00000,0x000000078b845fb8,0x000000078ee00000)
  to   space 174080K, 0% used [0x000000077a200000,0x000000077a200000,0x0000000784c00000)
 ParOldGen       total 343040K, used 229500K [0x00000006c0000000, 0x00000006d4f00000, 0x000000076ab00000)
  object space 343040K, 66% used [0x00000006c0000000,0x00000006ce01f388,0x00000006d4f00000)
 Metaspace       used 19524K, capacity 19946K, committed 20096K, reserved 1067008K
  class space    used 2528K, capacity 2635K, committed 2688K, reserved 1048576K
}
Event: 4.772 GC heap before
{Heap before GC invocations=10 (full 1):
 PSYoungGen      total 418816K, used 152242K [0x000000076ab00000, 0x0000000792900000, 0x00000007c0000000)
  eden space 252928K, 16% used [0x000000076ab00000,0x000000076d366b78,0x000000077a200000)
  from space 165888K, 66% used [0x0000000784c00000,0x000000078b845fb8,0x000000078ee00000)
  to   space 174080K, 0% used [0x000000077a200000,0x000000077a200000,0x0000000784c00000)
 ParOldGen       total 343040K, used 229500K [0x00000006c0000000, 0x00000006d4f00000, 0x000000076ab00000)
  object space 343040K, 66% used [0x00000006c0000000,0x00000006ce01f388,0x00000006d4f00000)
 Metaspace       used 21936K, capacity 22382K, committed 22656K, reserved 1069056K
  class space    used 2691K, capacity 2843K, committed 2944K, reserved 1048576K
Event: 4.856 GC heap after
Heap after GC invocations=10 (full 1):
 PSYoungGen      total 427008K, used 122727K [0x000000076ab00000, 0x0000000793c00000, 0x00000007c0000000)
  eden space 252928K, 0% used [0x000000076ab00000,0x000000076ab00000,0x000000077a200000)
  from space 174080K, 70% used [0x000000077a200000,0x00000007819d9da0,0x0000000784c00000)
  to   space 183808K, 0% used [0x0000000788880000,0x0000000788880000,0x0000000793c00000)
 ParOldGen       total 343040K, used 229508K [0x00000006c0000000, 0x00000006d4f00000, 0x000000076ab00000)
  object space 343040K, 66% used [0x00000006c0000000,0x00000006ce021388,0x00000006d4f00000)
 Metaspace       used 21936K, capacity 22382K, committed 22656K, reserved 1069056K
  class space    used 2691K, capacity 2843K, committed 2944K, reserved 1048576K
}
Event: 4.856 GC heap before
{Heap before GC invocations=11 (full 2):
 PSYoungGen      total 427008K, used 122727K [0x000000076ab00000, 0x0000000793c00000, 0x00000007c0000000)
  eden space 252928K, 0% used [0x000000076ab00000,0x000000076ab00000,0x000000077a200000)
  from space 174080K, 70% used [0x000000077a200000,0x00000007819d9da0,0x0000000784c00000)
  to   space 183808K, 0% used [0x0000000788880000,0x0000000788880000,0x0000000793c00000)
 ParOldGen       total 343040K, used 229508K [0x00000006c0000000, 0x00000006d4f00000, 0x000000076ab00000)
  object space 343040K, 66% used [0x00000006c0000000,0x00000006ce021388,0x00000006d4f00000)
 Metaspace       used 21936K, capacity 22382K, committed 22656K, reserved 1069056K
  class space    used 2691K, capacity 2843K, committed 2944K, reserved 1048576K
Event: 5.206 GC heap after
Heap after GC invocations=11 (full 2):
 PSYoungGen      total 427008K, used 0K [0x000000076ab00000, 0x0000000793c00000, 0x00000007c0000000)
  eden space 252928K, 0% used [0x000000076ab00000,0x000000076ab00000,0x000000077a200000)
  from space 174080K, 0% used [0x000000077a200000,0x000000077a200000,0x0000000784c00000)
  to   space 183808K, 0% used [0x0000000788880000,0x0000000788880000,0x0000000793c00000)
 ParOldGen       total 343040K, used 151069K [0x00000006c0000000, 0x00000006d4f00000, 0x000000076ab00000)
  object space 343040K, 44% used [0x00000006c0000000,0x00000006c9387598,0x00000006d4f00000)
 Metaspace       used 21936K, capacity 22382K, committed 22656K, reserved 1069056K
  class space    used 2691K, capacity 2843K, committed 2944K, reserved 1048576K
}

Class unloading (0 events):
No events

Deoptimization events (10 events):
Event: 7.489 Thread 0x00007fb151221000 Uncommon trap: reason=null_assert_or_unreached0 action=reinterpret pc=0x000000010bb31674 method=de.hpi.swa.graal.squeak.nodes.primitives.impl.ArithmeticPrimitivesFactory$PrimSubtractNodeFactory$PrimSubtractNodeGen.executeWithArguments(Lcom/oracle/truffle/
Event: 7.644 Thread 0x00007fb151221000 Uncommon trap: reason=null_assert_or_unreached0 action=reinterpret pc=0x000000010ba263f4 method=de.hpi.swa.graal.squeak.nodes.BlockActivationNodeGen.executeBlock(Lde/hpi/swa/graal/squeak/model/BlockClosureObject;[Ljava/lang/Object;)Ljava/lang/Object; @ 0
Event: 7.841 Thread 0x00007fb151221000 Uncommon trap: reason=null_assert_or_unreached0 action=reinterpret pc=0x000000010bf8ee5e method=de.hpi.swa.graal.squeak.nodes.primitives.impl.ArrayStreamPrimitives$PrimBasicAtNode.doSqueakObject(Ljava/lang/Object;JLde/hpi/swa/graal/squeak/model/NotProvide
Event: 7.841 Thread 0x00007fb151221000 Uncommon trap: reason=null_assert_or_unreached0 action=reinterpret pc=0x000000010bbac4fa method=de.hpi.swa.graal.squeak.nodes.accessing.SqueakObjectAt0NodeGen.execute(Ljava/lang/Object;J)Ljava/lang/Object; @ 0
Event: 7.841 Thread 0x00007fb151221000 Uncommon trap: reason=null_assert_or_unreached0 action=reinterpret pc=0x000000010bdadb9d method=de.hpi.swa.graal.squeak.nodes.accessing.SqueakObjectAt0NodeGen.executeAndSpecialize(Ljava/lang/Object;J)Ljava/lang/Object; @ 16
Event: 7.845 Thread 0x00007fb151221000 Uncommon trap: reason=intrinsic_or_type_checked_inlining action=reinterpret pc=0x000000010be08022 method=java.util.regex.Pattern$Curly.match0(Ljava/util/regex/Matcher;IILjava/lang/CharSequence;)Z @ 83
Event: 7.875 Thread 0x00007fb151221000 Uncommon trap: reason=null_assert_or_unreached0 action=reinterpret pc=0x000000010bcf3236 method=de.hpi.swa.graal.squeak.nodes.bytecodes.StoreBytecodes$StoreIntoTempNode.executeVoid(Lcom/oracle/truffle/api/frame/VirtualFrame;)V @ 13
Event: 7.876 Thread 0x00007fb151221000 Uncommon trap: reason=null_assert_or_unreached0 action=reinterpret pc=0x000000010be29f9d method=de.hpi.swa.graal.squeak.nodes.primitives.impl.ControlPrimitivesFactory$PrimClassNodeFactory$PrimClassNodeGen.executeWithArguments(Lcom/oracle/truffle/api/frame
Event: 7.886 Thread 0x00007fb151221000 Uncommon trap: reason=transfer_to_interpreter action=reinterpret pc=0x000000010bd6585c method=org.graalvm.compiler.truffle.runtime.OptimizedCallTarget.callRoot([Ljava/lang/Object;)Ljava/lang/Object; @ 0
Event: 7.891 Thread 0x00007fb151221000 Uncommon trap: reason=null_assert_or_unreached0 action=reinterpret pc=0x000000010bddafbb method=de.hpi.swa.graal.squeak.nodes.GetOrCreateContextNodeGen.executeGet(Lcom/oracle/truffle/api/frame/Frame;)Lde/hpi/swa/graal/squeak/model/ContextObject; @ 43

Classes redefined (0 events):
No events

Internal exceptions (10 events):
Event: 5.955 Thread 0x00007fb14d802800 Exception <a 'sun/nio/fs/UnixException'> (0x000000076e5ce0b8) thrown at [/Users/graal/slave/e/main/graal-jvmci-8/src/share/vm/prims/jni.cpp, line 714]
Event: 6.807 Thread 0x00007fb14d802800 Implicit null exception at 0x000000010ba2b15c to 0x000000010b68132c
Event: 6.807 Thread 0x00007fb14d802800 Implicit null exception at 0x000000010b748801 to 0x000000010b68132c
Event: 6.894 Thread 0x00007fb151221000 Implicit null exception at 0x000000010bbf2839 to 0x000000010b68132c
Event: 6.961 Thread 0x00007fb151221000 Implicit null exception at 0x000000010b760479 to 0x000000010b68132c
Event: 6.961 Thread 0x00007fb151221000 Implicit null exception at 0x000000010bb1adda to 0x000000010b68132c
Event: 7.672 Thread 0x00007fb151221000 Exception <a 'com/oracle/truffle/nfi/impl/NFIUnsatisfiedLinkError': dlsym(0x7fb14f19f7e0, ffi_does_not_exist): symbol not found> (0x0000000778041060) thrown at [/Users/graal/slave/e/main/graal-jvmci-8/src/share/vm/prims/jni.cpp, line 740]
Event: 7.672 Thread 0x00007fb151221000 Exception <a 'com/oracle/truffle/nfi/impl/NFIUnsatisfiedLinkError': dlsym(0x7fb14f19f7e0, ffi_does_not_exist): symbol not found> (0x0000000778045410) thrown at [/Users/graal/slave/e/main/graal-jvmci-8/src/share/vm/prims/jni.cpp, line 740]
Event: 7.677 Thread 0x00007fb151221000 Exception <a 'sun/nio/fs/UnixException'> (0x000000077807a720) thrown at [/Users/graal/slave/e/main/graal-jvmci-8/src/share/vm/prims/jni.cpp, line 714]
Event: 7.677 Thread 0x00007fb151221000 Exception <a 'sun/nio/fs/UnixException'> (0x000000077807dbf0) thrown at [/Users/graal/slave/e/main/graal-jvmci-8/src/share/vm/prims/jni.cpp, line 714]

Events (10 events):
Event: 7.891 Thread 0x00007fb151221000 DEOPT PACKING pc=0x000000010bddafbb sp=0x000070000778c250
Event: 7.891 Thread 0x00007fb151221000 DEOPT UNPACKING pc=0x000000010b681599 sp=0x000070000778bfc0 mode 3
Event: 7.891 Thread 0x00007fb151221000 DEOPT PACKING pc=0x000000010ba42f54 sp=0x000070000778ffe0
Event: 7.891 Thread 0x00007fb151221000 DEOPT UNPACKING pc=0x000000010b681599 sp=0x000070000778fd58 mode 1
Event: 7.893 loading class com/oracle/truffle/api/instrumentation/AllocationListener
Event: 7.893 loading class com/oracle/truffle/api/instrumentation/AllocationListener done
Event: 7.899 Executing VM operation: RevokeBias
Event: 7.899 Executing VM operation: RevokeBias done
Event: 7.917 Executing VM operation: RevokeBias
Event: 7.917 Executing VM operation: RevokeBias done


Dynamic libraries:
0x00007fff2d492000 	/System/Library/Frameworks/Cocoa.framework/Versions/A/Cocoa
0x00007fff391aa000 	/System/Library/Frameworks/Security.framework/Versions/A/Security
0x00007fff2c127000 	/System/Library/Frameworks/ApplicationServices.framework/Versions/A/ApplicationServices
0x00007fff59270000 	/usr/lib/libz.1.dylib
0x00007fff56bca000 	/usr/lib/libSystem.B.dylib
0x00007fff58401000 	/usr/lib/libobjc.A.dylib
0x00007fff2fefc000 	/System/Library/Frameworks/Foundation.framework/Versions/C/Foundation
0x00007fff2dc7a000 	/System/Library/Frameworks/CoreFoundation.framework/Versions/A/CoreFoundation
0x00007fff2b320000 	/System/Library/Frameworks/AppKit.framework/Versions/C/AppKit
0x00007fff2d80d000 	/System/Library/Frameworks/CoreData.framework/Versions/A/CoreData
0x00007fff5069d000 	/System/Library/PrivateFrameworks/RemoteViewServices.framework/Versions/A/RemoteViewServices
0x00007fff5490a000 	/System/Library/PrivateFrameworks/UIFoundation.framework/Versions/A/UIFoundation
0x00007fff55fec000 	/System/Library/PrivateFrameworks/XCTTargetBootstrap.framework/Versions/A/XCTTargetBootstrap
0x00007fff2db92000 	/System/Library/Frameworks/CoreDisplay.framework/Versions/A/CoreDisplay
0x00007fff4b3f0000 	/System/Library/PrivateFrameworks/IconServices.framework/Versions/A/IconServices
0x00007fff32820000 	/System/Library/Frameworks/Metal.framework/Versions/A/Metal
0x00007fff4296b000 	/System/Library/PrivateFrameworks/DesktopServicesPriv.framework/Versions/A/DesktopServicesPriv
0x00007fff57764000 	/usr/lib/libenergytrace.dylib
0x00007fff52df3000 	/System/Library/PrivateFrameworks/SkyLight.framework/Versions/A/SkyLight
0x00007fff2e0c0000 	/System/Library/Frameworks/CoreGraphics.framework/Versions/A/CoreGraphics
0x00007fff2a0ec000 	/System/Library/Frameworks/Accelerate.framework/Versions/A/Accelerate
0x00007fff30644000 	/System/Library/Frameworks/IOSurface.framework/Versions/A/IOSurface
0x00007fff427d7000 	/System/Library/PrivateFrameworks/DFRFoundation.framework/Versions/A/DFRFoundation
0x00007fff2c60a000 	/System/Library/Frameworks/AudioToolbox.framework/Versions/A/AudioToolbox
0x00007fff2c883000 	/System/Library/Frameworks/AudioUnit.framework/Versions/A/AudioUnit
0x00007fff4286c000 	/System/Library/PrivateFrameworks/DataDetectorsCore.framework/Versions/A/DataDetectorsCore
0x00007fff2cf96000 	/System/Library/Frameworks/Carbon.framework/Versions/A/Frameworks/HIToolbox.framework/Versions/A/HIToolbox
0x00007fff578bd000 	/usr/lib/libicucore.A.dylib
0x00007fff3871f000 	/System/Library/Frameworks/QuartzCore.framework/Versions/A/QuartzCore
0x00007fff2d36a000 	/System/Library/Frameworks/Carbon.framework/Versions/A/Frameworks/SpeechRecognition.framework/Versions/A/SpeechRecognition
0x00007fff56d1e000 	/usr/lib/libauto.dylib
0x00007fff59164000 	/usr/lib/libxml2.2.dylib
0x00007fff423b4000 	/System/Library/PrivateFrameworks/CoreUI.framework/Versions/A/CoreUI
0x00007fff2d6f8000 	/System/Library/Frameworks/CoreAudio.framework/Versions/A/CoreAudio
0x00007fff2fd31000 	/System/Library/Frameworks/DiskArbitration.framework/Versions/A/DiskArbitration
0x00007fff57b6b000 	/usr/lib/liblangid.dylib
0x00007fff4c7fe000 	/System/Library/PrivateFrameworks/MultitouchSupport.framework/Versions/A/MultitouchSupport
0x00007fff305b3000 	/System/Library/Frameworks/IOKit.framework/Versions/A/IOKit
0x00007fff5678b000 	/usr/lib/libDiagnosticMessagesClient.dylib
0x00007fff2eecf000 	/System/Library/Frameworks/CoreServices.framework/Versions/A/CoreServices
0x00007fff4e4a5000 	/System/Library/PrivateFrameworks/PerformanceAnalysis.framework/Versions/A/PerformanceAnalysis
0x00007fff3790d000 	/System/Library/Frameworks/OpenGL.framework/Versions/A/OpenGL
0x00007fff2d4a0000 	/System/Library/Frameworks/ColorSync.framework/Versions/A/ColorSync
0x00007fff2e751000 	/System/Library/Frameworks/CoreImage.framework/Versions/A/CoreImage
0x00007fff2f8a8000 	/System/Library/Frameworks/CoreText.framework/Versions/A/CoreText
0x00007fff306a7000 	/System/Library/Frameworks/ImageIO.framework/Versions/A/ImageIO
0x00007fff3ea09000 	/System/Library/PrivateFrameworks/Backup.framework/Versions/A/Backup
0x00007fff56c71000 	/usr/lib/libarchive.2.dylib
0x00007fff2cbdb000 	/System/Library/Frameworks/CFNetwork.framework/Versions/A/CFNetwork
0x00007fff39904000 	/System/Library/Frameworks/SystemConfiguration.framework/Versions/A/SystemConfiguration
0x00007fff566bc000 	/usr/lib/libCRFSuite.dylib
0x00007fff56e0d000 	/usr/lib/libc++.1.dylib
0x00007fff56e61000 	/usr/lib/libc++abi.dylib
0x00007fff59a66000 	/usr/lib/system/libcache.dylib
0x00007fff59a6b000 	/usr/lib/system/libcommonCrypto.dylib
0x00007fff59a76000 	/usr/lib/system/libcompiler_rt.dylib
0x00007fff59a7e000 	/usr/lib/system/libcopyfile.dylib
0x00007fff59a88000 	/usr/lib/system/libcorecrypto.dylib
0x00007fff59b93000 	/usr/lib/system/libdispatch.dylib
0x00007fff59bcd000 	/usr/lib/system/libdyld.dylib
0x00007fff59bfa000 	/usr/lib/system/libkeymgr.dylib
0x00007fff59c08000 	/usr/lib/system/liblaunch.dylib
0x00007fff59c09000 	/usr/lib/system/libmacho.dylib
0x00007fff59c0f000 	/usr/lib/system/libquarantine.dylib
0x00007fff59c12000 	/usr/lib/system/libremovefile.dylib
0x00007fff59c14000 	/usr/lib/system/libsystem_asl.dylib
0x00007fff59c2c000 	/usr/lib/system/libsystem_blocks.dylib
0x00007fff59c2d000 	/usr/lib/system/libsystem_c.dylib
0x00007fff59cb5000 	/usr/lib/system/libsystem_configuration.dylib
0x00007fff59cb9000 	/usr/lib/system/libsystem_coreservices.dylib
0x00007fff59cbd000 	/usr/lib/system/libsystem_darwin.dylib
0x00007fff59cc4000 	/usr/lib/system/libsystem_dnssd.dylib
0x00007fff59ccb000 	/usr/lib/system/libsystem_info.dylib
0x00007fff59d40000 	/usr/lib/system/libsystem_m.dylib
0x00007fff59d8c000 	/usr/lib/system/libsystem_malloc.dylib
0x00007fff59db7000 	/usr/lib/system/libsystem_networkextension.dylib
0x00007fff59dc2000 	/usr/lib/system/libsystem_notify.dylib
0x00007fff59ddf000 	/usr/lib/system/libsystem_sandbox.dylib
0x00007fff59de3000 	/usr/lib/system/libsystem_secinit.dylib
0x00007fff59d17000 	/usr/lib/system/libsystem_kernel.dylib
0x00007fff59dca000 	/usr/lib/system/libsystem_platform.dylib
0x00007fff59dd4000 	/usr/lib/system/libsystem_pthread.dylib
0x00007fff59de6000 	/usr/lib/system/libsystem_symptoms.dylib
0x00007fff59dee000 	/usr/lib/system/libsystem_trace.dylib
0x00007fff59e05000 	/usr/lib/system/libunwind.dylib
0x00007fff59e0b000 	/usr/lib/system/libxpc.dylib
0x00007fff56dee000 	/usr/lib/libbsm.0.dylib
0x00007fff59bfb000 	/usr/lib/system/libkxld.dylib
0x00007fff3ddfa000 	/System/Library/PrivateFrameworks/AppleFSCompression.framework/Versions/A/AppleFSCompression
0x00007fff56a8a000 	/usr/lib/libOpenScriptingUtil.dylib
0x00007fff57116000 	/usr/lib/libcoretls.dylib
0x00007fff5712d000 	/usr/lib/libcoretls_cfhelpers.dylib
0x00007fff58b98000 	/usr/lib/libpam.2.dylib
0x00007fff58d58000 	/usr/lib/libsqlite3.dylib
0x00007fff59152000 	/usr/lib/libxar.1.dylib
0x00007fff56dff000 	/usr/lib/libbz2.1.0.dylib
0x00007fff57b6d000 	/usr/lib/liblzma.5.dylib
0x00007fff5801e000 	/usr/lib/libnetwork.dylib
0x00007fff56c5a000 	/usr/lib/libapple_nghttp2.dylib
0x00007fff58b9f000 	/usr/lib/libpcap.A.dylib
0x00007fff2f26e000 	/System/Library/Frameworks/CoreServices.framework/Versions/A/Frameworks/FSEvents.framework/Versions/A/FSEvents
0x00007fff2ef4d000 	/System/Library/Frameworks/CoreServices.framework/Versions/A/Frameworks/CarbonCore.framework/Versions/A/CarbonCore
0x00007fff2f42a000 	/System/Library/Frameworks/CoreServices.framework/Versions/A/Frameworks/Metadata.framework/Versions/A/Metadata
0x00007fff2f4c9000 	/System/Library/Frameworks/CoreServices.framework/Versions/A/Frameworks/OSServices.framework/Versions/A/OSServices
0x00007fff2f514000 	/System/Library/Frameworks/CoreServices.framework/Versions/A/Frameworks/SearchKit.framework/Versions/A/SearchKit
0x00007fff2eed0000 	/System/Library/Frameworks/CoreServices.framework/Versions/A/Frameworks/AE.framework/Versions/A/AE
0x00007fff2f277000 	/System/Library/Frameworks/CoreServices.framework/Versions/A/Frameworks/LaunchServices.framework/Versions/A/LaunchServices
0x00007fff2f225000 	/System/Library/Frameworks/CoreServices.framework/Versions/A/Frameworks/DictionaryServices.framework/Versions/A/DictionaryServices
0x00007fff2f57c000 	/System/Library/Frameworks/CoreServices.framework/Versions/A/Frameworks/SharedFileList.framework/Versions/A/SharedFileList
0x00007fff338e8000 	/System/Library/Frameworks/NetFS.framework/Versions/A/NetFS
0x00007fff4ca64000 	/System/Library/PrivateFrameworks/NetAuth.framework/Versions/A/NetAuth
0x00007fff563f0000 	/System/Library/PrivateFrameworks/login.framework/Versions/A/Frameworks/loginsupport.framework/Versions/A/loginsupport
0x00007fff54513000 	/System/Library/PrivateFrameworks/TCC.framework/Versions/A/TCC
0x00007fff41a11000 	/System/Library/PrivateFrameworks/CoreNLP.framework/Versions/A/CoreNLP
0x00007fff4c4f7000 	/System/Library/PrivateFrameworks/MetadataUtilities.framework/Versions/A/MetadataUtilities
0x00007fff57c42000 	/usr/lib/libmecabra.dylib
0x00007fff2c128000 	/System/Library/Frameworks/ApplicationServices.framework/Versions/A/Frameworks/ATS.framework/Versions/A/ATS
0x00007fff2c477000 	/System/Library/Frameworks/ApplicationServices.framework/Versions/A/Frameworks/ColorSyncLegacy.framework/Versions/A/ColorSyncLegacy
0x00007fff2c516000 	/System/Library/Frameworks/ApplicationServices.framework/Versions/A/Frameworks/HIServices.framework/Versions/A/HIServices
0x00007fff2c569000 	/System/Library/Frameworks/ApplicationServices.framework/Versions/A/Frameworks/LangAnalysis.framework/Versions/A/LangAnalysis
0x00007fff2c579000 	/System/Library/Frameworks/ApplicationServices.framework/Versions/A/Frameworks/PrintCore.framework/Versions/A/PrintCore
0x00007fff2c5c3000 	/System/Library/Frameworks/ApplicationServices.framework/Versions/A/Frameworks/QD.framework/Versions/A/QD
0x00007fff2c5fd000 	/System/Library/Frameworks/ApplicationServices.framework/Versions/A/Frameworks/SpeechSynthesis.framework/Versions/A/SpeechSynthesis
0x00007fff56e89000 	/usr/lib/libcompression.dylib
0x00007fff32af0000 	/System/Library/Frameworks/MetalPerformanceShaders.framework/Versions/A/MetalPerformanceShaders
0x00007fff2a104000 	/System/Library/Frameworks/Accelerate.framework/Versions/A/Frameworks/vImage.framework/Versions/A/vImage
0x00007fff2b17e000 	/System/Library/Frameworks/Accelerate.framework/Versions/A/Frameworks/vecLib.framework/Versions/A/vecLib
0x00007fff2b0ca000 	/System/Library/Frameworks/Accelerate.framework/Versions/A/Frameworks/vecLib.framework/Versions/A/libvMisc.dylib
0x00007fff2aee2000 	/System/Library/Frameworks/Accelerate.framework/Versions/A/Frameworks/vecLib.framework/Versions/A/libvDSP.dylib
0x00007fff2a79e000 	/System/Library/Frameworks/Accelerate.framework/Versions/A/Frameworks/vecLib.framework/Versions/A/libBLAS.dylib
0x00007fff2aa8b000 	/System/Library/Frameworks/Accelerate.framework/Versions/A/Frameworks/vecLib.framework/Versions/A/libLAPACK.dylib
0x00007fff2ae35000 	/System/Library/Frameworks/Accelerate.framework/Versions/A/Frameworks/vecLib.framework/Versions/A/libLinearAlgebra.dylib
0x00007fff2aece000 	/System/Library/Frameworks/Accelerate.framework/Versions/A/Frameworks/vecLib.framework/Versions/A/libSparseBLAS.dylib
0x00007fff2ae4b000 	/System/Library/Frameworks/Accelerate.framework/Versions/A/Frameworks/vecLib.framework/Versions/A/libQuadrature.dylib
0x00007fff2aa18000 	/System/Library/Frameworks/Accelerate.framework/Versions/A/Frameworks/vecLib.framework/Versions/A/libBNNS.dylib
0x00007fff2ae51000 	/System/Library/Frameworks/Accelerate.framework/Versions/A/Frameworks/vecLib.framework/Versions/A/libSparse.dylib
0x00007fff48d53000 	/System/Library/PrivateFrameworks/GPUWrangler.framework/Versions/A/GPUWrangler
0x00007fff4b025000 	/System/Library/PrivateFrameworks/IOAccelerator.framework/Versions/A/IOAccelerator
0x00007fff4b030000 	/System/Library/PrivateFrameworks/IOPresentment.framework/Versions/A/IOPresentment
0x00007fff427e7000 	/System/Library/PrivateFrameworks/DSExternalDisplay.framework/Versions/A/DSExternalDisplay
0x00007fff36d64000 	/System/Library/Frameworks/OpenGL.framework/Versions/A/Libraries/libCoreFSCache.dylib
0x00007fff328e4000 	/System/Library/Frameworks/MetalPerformanceShaders.framework/Frameworks/MPSCore.framework/Versions/A/MPSCore
0x00007fff32904000 	/System/Library/Frameworks/MetalPerformanceShaders.framework/Frameworks/MPSImage.framework/Versions/A/MPSImage
0x00007fff329a9000 	/System/Library/Frameworks/MetalPerformanceShaders.framework/Frameworks/MPSNeuralNetwork.framework/Versions/A/MPSNeuralNetwork
0x00007fff32981000 	/System/Library/Frameworks/MetalPerformanceShaders.framework/Frameworks/MPSMatrix.framework/Versions/A/MPSMatrix
0x00007fff32ad5000 	/System/Library/Frameworks/MetalPerformanceShaders.framework/Frameworks/MPSRayIntersector.framework/Versions/A/MPSRayIntersector
0x00007fff4c520000 	/System/Library/PrivateFrameworks/MetalTools.framework/Versions/A/MetalTools
0x00007fff3d6a7000 	/System/Library/PrivateFrameworks/AggregateDictionary.framework/Versions/A/AggregateDictionary
0x00007fff56a6b000 	/usr/lib/libMobileGestalt.dylib
0x00007fff2fa0b000 	/System/Library/Frameworks/CoreVideo.framework/Versions/A/CoreVideo
0x00007fff49b63000 	/System/Library/PrivateFrameworks/GraphVisualizer.framework/Versions/A/GraphVisualizer
0x00007fff439e3000 	/System/Library/PrivateFrameworks/FaceCore.framework/Versions/A/FaceCore
0x00007fff36392000 	/System/Library/Frameworks/OpenCL.framework/Versions/A/OpenCL
0x00007fff567c3000 	/usr/lib/libFosl_dynamic.dylib
0x00007fff4d2cf000 	/System/Library/PrivateFrameworks/OTSVG.framework/Versions/A/OTSVG
0x00007fff2c22c000 	/System/Library/Frameworks/ApplicationServices.framework/Versions/A/Frameworks/ATS.framework/Versions/A/Resources/libFontParser.dylib
0x00007fff2c344000 	/System/Library/Frameworks/ApplicationServices.framework/Versions/A/Frameworks/ATS.framework/Versions/A/Resources/libFontRegistry.dylib
0x00007fff30915000 	/System/Library/Frameworks/ImageIO.framework/Versions/A/Resources/libJPEG.dylib
0x00007fff30c27000 	/System/Library/Frameworks/ImageIO.framework/Versions/A/Resources/libTIFF.dylib
0x00007fff30bfd000 	/System/Library/Frameworks/ImageIO.framework/Versions/A/Resources/libPng.dylib
0x00007fff30833000 	/System/Library/Frameworks/ImageIO.framework/Versions/A/Resources/libGIF.dylib
0x00007fff30838000 	/System/Library/Frameworks/ImageIO.framework/Versions/A/Resources/libJP2.dylib
0x00007fff30c24000 	/System/Library/Frameworks/ImageIO.framework/Versions/A/Resources/libRadiance.dylib
0x00007fff3df51000 	/System/Library/PrivateFrameworks/AppleJPEG.framework/Versions/A/AppleJPEG
0x00007fff36d6f000 	/System/Library/Frameworks/OpenGL.framework/Versions/A/Libraries/libGFXShared.dylib
0x00007fff36f32000 	/System/Library/Frameworks/OpenGL.framework/Versions/A/Libraries/libGLU.dylib
0x00007fff36d78000 	/System/Library/Frameworks/OpenGL.framework/Versions/A/Libraries/libGL.dylib
0x00007fff36d84000 	/System/Library/Frameworks/OpenGL.framework/Versions/A/Libraries/libGLImage.dylib
0x00007fff36d61000 	/System/Library/Frameworks/OpenGL.framework/Versions/A/Libraries/libCVMSPluginSupport.dylib
0x00007fff36d6a000 	/System/Library/Frameworks/OpenGL.framework/Versions/A/Libraries/libCoreVMClient.dylib
0x00007fff575da000 	/usr/lib/libcups.2.dylib
0x00007fff31deb000 	/System/Library/Frameworks/Kerberos.framework/Versions/A/Kerberos
0x00007fff30318000 	/System/Library/Frameworks/GSS.framework/Versions/A/GSS
0x00007fff58ced000 	/usr/lib/libresolv.9.dylib
0x00007fff577cc000 	/usr/lib/libiconv.2.dylib
0x00007fff49cc2000 	/System/Library/PrivateFrameworks/Heimdal.framework/Versions/A/Heimdal
0x00007fff5779c000 	/usr/lib/libheimdal-asn1.dylib
0x00007fff36406000 	/System/Library/Frameworks/OpenDirectory.framework/Versions/A/OpenDirectory
0x00007fff40776000 	/System/Library/PrivateFrameworks/CommonAuth.framework/Versions/A/CommonAuth
0x00007fff363ea000 	/System/Library/Frameworks/OpenDirectory.framework/Versions/A/Frameworks/CFOpenDirectory.framework/Versions/A/CFOpenDirectory
0x00007fff394aa000 	/System/Library/Frameworks/SecurityFoundation.framework/Versions/A/SecurityFoundation
0x00007fff3cbf0000 	/System/Library/PrivateFrameworks/APFS.framework/Versions/A/APFS
0x00007fff5914e000 	/usr/lib/libutil.dylib
0x00007fff56e77000 	/usr/lib/libcharset.1.dylib
0x00007fff3e1ee000 	/System/Library/PrivateFrameworks/AppleSauce.framework/Versions/A/AppleSauce
0x00007fff3e36f000 	/System/Library/PrivateFrameworks/AssertionServices.framework/Versions/A/AssertionServices
0x00007fff3ea9f000 	/System/Library/PrivateFrameworks/BaseBoard.framework/Versions/A/BaseBoard
0x00007fff57b9d000 	/usr/lib/libmecab.1.0.0.dylib
0x00007fff57796000 	/usr/lib/libgermantok.dylib
0x00007fff56c47000 	/usr/lib/libThaiTokenizer.dylib
0x00007fff566f3000 	/usr/lib/libChineseTokenizer.dylib
0x00007fff4b6de000 	/System/Library/PrivateFrameworks/LanguageModeling.framework/Versions/A/LanguageModeling
0x00007fff41457000 	/System/Library/PrivateFrameworks/CoreEmoji.framework/Versions/A/CoreEmoji
0x00007fff4b7ba000 	/System/Library/PrivateFrameworks/Lexicon.framework/Versions/A/Lexicon
0x00007fff4b7fd000 	/System/Library/PrivateFrameworks/LinguisticData.framework/Versions/A/LinguisticData
0x00007fff56e78000 	/usr/lib/libcmph.dylib
0x00007fff39568000 	/System/Library/Frameworks/ServiceManagement.framework/Versions/A/ServiceManagement
0x00007fff3ea00000 	/System/Library/PrivateFrameworks/BackgroundTaskManagement.framework/Versions/A/BackgroundTaskManagement
0x00007fff59247000 	/usr/lib/libxslt.1.dylib
0x00007fff2d297000 	/System/Library/Frameworks/Carbon.framework/Versions/A/Frameworks/Ink.framework/Versions/A/Ink
0x00007fff54785000 	/System/Library/PrivateFrameworks/TextureIO.framework/Versions/A/TextureIO
0x00007fff56c9b000 	/usr/lib/libate.dylib
0x00007fff42736000 	/System/Library/PrivateFrameworks/CrashReporterSupport.framework/Versions/A/CrashReporterSupport
0x00007fff51ec4000 	/System/Library/PrivateFrameworks/Sharing.framework/Versions/A/Sharing
0x00007fff3e752000 	/System/Library/PrivateFrameworks/AuthKit.framework/Versions/A/AuthKit
0x00007fff3dca6000 	/System/Library/PrivateFrameworks/Apple80211.framework/Versions/A/Apple80211
0x00007fff424e0000 	/System/Library/PrivateFrameworks/CoreUtils.framework/Versions/A/CoreUtils
0x00007fff2fa4b000 	/System/Library/Frameworks/CoreWLAN.framework/Versions/A/CoreWLAN
0x00007fff30447000 	/System/Library/Frameworks/IOBluetooth.framework/Versions/A/IOBluetooth
0x00007fff50344000 	/System/Library/PrivateFrameworks/ProtocolBuffer.framework/Versions/A/ProtocolBuffer
0x00007fff4c75a000 	/System/Library/PrivateFrameworks/MobileKeyBag.framework/Versions/A/MobileKeyBag
0x00007fff41d24000 	/System/Library/PrivateFrameworks/CorePhoneNumbers.framework/Versions/A/CorePhoneNumbers
0x00007fff3df05000 	/System/Library/PrivateFrameworks/AppleIDAuthSupport.framework/Versions/A/AppleIDAuthSupport
0x00007fff4b6b1000 	/System/Library/PrivateFrameworks/KeychainCircle.framework/Versions/A/KeychainCircle
0x00007fff504fa000 	/System/Library/PrivateFrameworks/ROCKit.framework/Versions/A/ROCKit
0x00007fff426d2000 	/System/Library/PrivateFrameworks/CoreWiFi.framework/Versions/A/CoreWiFi
0x00007fff2d7e2000 	/System/Library/Frameworks/CoreBluetooth.framework/Versions/A/CoreBluetooth
0x00007fff4292d000 	/System/Library/PrivateFrameworks/DebugSymbols.framework/Versions/A/DebugSymbols
0x00007fff422a0000 	/System/Library/PrivateFrameworks/CoreSymbolication.framework/Versions/A/CoreSymbolication
0x00007fff53fa0000 	/System/Library/PrivateFrameworks/Symbolication.framework/Versions/A/Symbolication
0x00007fff53843000 	/System/Library/PrivateFrameworks/SpeechRecognitionCore.framework/Versions/A/SpeechRecognitionCore
0x0000000101600000 	/Users/teresalasarow/Studium/Master/graalVM/graalvm-ce-19.0.0/Contents/Home/jre/lib/server/libjvm.dylib
0x00007fff59029000 	/usr/lib/libstdc++.6.dylib
0x00000001005e9000 	/Users/teresalasarow/Studium/Master/graalVM/graalvm-ce-19.0.0/Contents/Home/jre/lib/libverify.dylib
0x0000000102161000 	/Users/teresalasarow/Studium/Master/graalVM/graalvm-ce-19.0.0/Contents/Home/jre/lib/libjava.dylib
0x00000001021d6000 	/Users/teresalasarow/Studium/Master/graalVM/graalvm-ce-19.0.0/Contents/Home/jre/lib/libzip.dylib
0x000000011d3d5000 	/Users/teresalasarow/Studium/Master/graalVM/graalvm-ce-19.0.0/Contents/Home/jre/lib/libjvmcicompiler.dylib
0x000000011feb5000 	/Users/teresalasarow/Studium/Master/graalVM/graalvm-ce-19.0.0/Contents/Home/jre/lib/libnio.dylib
0x000000011fec5000 	/Users/teresalasarow/Studium/Master/graalVM/graalvm-ce-19.0.0/Contents/Home/jre/lib/./libnet.dylib
0x0000000130922000 	/Users/teresalasarow/Studium/Master/graalVM/graalvm-ce-19.0.0/Contents/Home/jre/lib/libmanagement.dylib
0x0000000130972000 	/Users/teresalasarow/Studium/Master/graalVM/graalvm-ce-19.0.0/Contents/Home/jre/lib/libtrufflenfi.dylib
0x0000000130981000 	/Users/teresalasarow/Studium/Master/graalVM/graalsqueak/lib/SqueakFFIPrims.dylib

VM Arguments:
jvm_args: -ea -DsqueakTests=FFIPluginTests -Dfile.encoding=UTF-8 -Xbootclasspath/a:/Users/teresalasarow/Studium/Master/graalVM/graal/sdk/mxbuild/dists/jdk1.8/graal-sdk.jar:/Users/teresalasarow/Studium/Master/graalVM/graal/truffle/mxbuild/dists/jdk1.8/truffle-api.jar 
java_command: org.eclipse.jdt.internal.junit.runner.RemoteTestRunner -version 3 -port 62130 -testLoaderClass org.eclipse.jdt.internal.junit4.runner.JUnit4TestLoader -loaderpluginname org.eclipse.jdt.junit4.runtime -classNames de.hpi.swa.graal.squeak.test.SqueakSUnitTest
java_class_path (initial): /Users/teresalasarow/Studium/Master/graalVM/graalsqueak/mxbuild/src/de.hpi.swa.graal.squeak.test/bin:/Users/teresalasarow/.mx/cache/JUNIT_2973d150c0dc1fefe998f834810d68f278ea58ec/junit.jar:/Users/teresalasarow/.mx/cache/HAMCREST_42a25dc3219429f0e5d060061f71acb49bf010a0/hamcrest.jar:/Users/teresalasarow/.mx/cache/ANTLR4_946f8aa9daa917dd81a8b818111bec7e288f821a/antlr4.jar:/Users/teresalasarow/.mx/cache/BOUNCY_CASTLE_CRYPTO_LIB_bd47ad3bd14b8e82595c7adaa143501e60842a84/bouncy-castle-crypto-lib.jar:/Users/teresalasarow/Studium/Master/graalVM/graal/truffle/mxbuild/src/com.oracle.truffle.api/bin:/Users/teresalasarow/Studium/Master/graalVM/graal/sdk/mxbuild/src/org.graalvm.collections/bin:/Users/teresalasarow/Studium/Master/graalVM/graal/sdk/mxbuild/src/org.graalvm.nativeimage/bin:/Users/teresalasarow/Studium/Master/graalVM/graal/sdk/mxbuild/src/org.graalvm.options/bin:/Users/teresalasarow/Studium/Master/graalVM/graal/sdk/mxbuild/src/org.graalvm.word/bin:/Users/teresalasarow/Studium/Master/graalVM/graal/sdk/mxbuild/src/org.graalvm.polyglot/bin:/Users/teresalasarow/Studium/Master/graalVM/graal/truffle/mxbuild/src/com.oracle.truffle.api.debug/bin:/Users/teresalasarow/Studium/Master/graalVM/graal/truffle/mxbuild/src/com.oracle.truffle.api.dsl/bin:/Users/teresalasarow/Studium/Master/graalVM/graal/truffle/mxbuild/src/com.oracle.truffle.api.instrumentation/bin:/Users/teresalasarow/Studium/Master/graalVM/graal/truffle/mxbuild/src/com.oracle.truffle.api.profiles/bin:/Users/teresalasarow/Studium/Master/graalVM/graal/truffle/mxbuild/src/com.oracle.truffle.api.interop/bin:/Users/teresalasarow/Studium/Master/graalVM/graal/truffle/mxbuild/src/com.oracle.truffle.api.library/bin:/Users/teresalasarow/Studium/Master/graalVM/graal/truffle/mxbuild/src/com.oracle.truffle.api.utilities/bin:/Users/teresalasarow/Studium/Master/graalVM/graal/truffle/mxbuild/src/com.oracle.truffle.polyglot/bin:/Users/teresalasarow/Studium/Master/graalVM/graal/truffle/mxbuild/src/com.ora
Launcher Type: SUN_STANDARD

Environment Variables:
PATH=/usr/bin:/bin:/usr/sbin:/sbin
SHELL=/bin/bash

Signal Handlers:
SIGSEGV: [libjvm.dylib+0x5c62ad], sa_mask[0]=11111111011111110111111111111111, sa_flags=SA_ONSTACK|SA_RESTART|SA_SIGINFO
SIGBUS: [libjvm.dylib+0x5c62ad], sa_mask[0]=11111111011111110111111111111111, sa_flags=SA_RESTART|SA_SIGINFO
SIGFPE: [libjvm.dylib+0x4bac03], sa_mask[0]=11111111011111110111111111111111, sa_flags=SA_RESTART|SA_SIGINFO
SIGPIPE: [libjvm.dylib+0x4bac03], sa_mask[0]=11111111011111110111111111111111, sa_flags=SA_RESTART|SA_SIGINFO
SIGXFSZ: [libjvm.dylib+0x4bac03], sa_mask[0]=11111111011111110111111111111111, sa_flags=SA_RESTART|SA_SIGINFO
SIGILL: [libjvm.dylib+0x4bac03], sa_mask[0]=11111111011111110111111111111111, sa_flags=SA_RESTART|SA_SIGINFO
SIGUSR1: SIG_DFL, sa_mask[0]=00000000000000000000000000000000, sa_flags=none
SIGUSR2: [libjvm.dylib+0x4bb528], sa_mask[0]=00100000000000000000000000000000, sa_flags=SA_RESTART|SA_SIGINFO
SIGHUP: [libjvm.dylib+0x4b971d], sa_mask[0]=11111111011111110111111111111111, sa_flags=SA_RESTART|SA_SIGINFO
SIGINT: [libjvm.dylib+0x4b971d], sa_mask[0]=11111111011111110111111111111111, sa_flags=SA_RESTART|SA_SIGINFO
SIGTERM: [libjvm.dylib+0x4b971d], sa_mask[0]=11111111011111110111111111111111, sa_flags=SA_RESTART|SA_SIGINFO
SIGQUIT: [libjvm.dylib+0x4b971d], sa_mask[0]=11111111011111110111111111111111, sa_flags=SA_RESTART|SA_SIGINFO


---------------  S Y S T E M  ---------------

OS:Bsduname:Darwin 18.6.0 Darwin Kernel Version 18.6.0: Thu Apr 25 23:16:27 PDT 2019; root:xnu-4903.261.4~2/RELEASE_X86_64 x86_64
rlimit: STACK 8192k, CORE 0k, NPROC 1418, NOFILE 10240, AS infinity
load average:1.12 1.42 1.50

CPU:total 8 (initial active 8) (4 cores per cpu, 2 threads per core) family 6 model 70 stepping 1, cmov, cx8, fxsr, mmx, sse, sse2, sse3, ssse3, sse4.1, sse4.2, popcnt, avx, avx2, aes, clmul, erms, lzcnt, ht, tsc, tscinvbit, bmi1, bmi2

Memory: 4k page, physical 16777216k(28220k free)

/proc/meminfo:


vm_info: OpenJDK GraalVM CE 19.0.0 (25.212-b03-jvmci-19-b01) for bsd-amd64 JRE (8u212), built on Apr 30 2019 08:30:27 by "graal" with gcc 4.2.1 Compatible Apple LLVM 8.1.0 (clang-802.0.42)

time: Fri Jun 28 20:46:02 2019
timezone: CEST
elapsed time: 7 seconds (0d 0h 0m 7s)

