== Running Squeak/Smalltalk on GraalVM CE (Java 1.8.0_161) ==
Reading image...
Reading header...
readHeader:	0.002s
Reading body...
readBody:	6.045s
Connecting classes...
setClasses:	0.165s
Instantiating classes...
instClasses:	0.049s
Filling in objects...
maxFillInDuration:	323.0ms
fillInObjects:	3.196s
readImage:	9.473s
== Running Squeak/Smalltalk on GraalVM CE (Java 1.8.0_161) ==
Reading image...
Reading header...
readHeader:	0.026s
Reading body...
readBody:	4.059s
Connecting classes...
setClasses:	0.137s
Instantiating classes...
instClasses:	0.041s
Filling in objects...
maxFillInDuration:	3226.0ms
fillInObjects:	5.495s
readImage:	9.774s
== Running Squeak/Smalltalk on GraalVM CE (Java 1.8.0_161) ==
Reading image...
Reading header...
readHeader:	0.002s
Reading body...
readBody:	5.414s
Connecting classes...
setClasses:	0.165s
Instantiating classes...
instClasses:	0.304s
Filling in objects...
maxFillInDuration:	760.0ms
fillInObjects:	3.125s
readImage:	9.039s
== Running Squeak/Smalltalk on GraalVM CE (Java 1.8.0_161) ==
Reading image...
Reading header...
readHeader:	0.001s
Reading body...
readBody:	5.058s
Connecting classes...
setClasses:	0.159s
Instantiating classes...
instClasses:	0.047s
Filling in objects...
maxFillInDuration:	3221.0ms
fillInObjects:	5.284s
readImage:	10.559s
== Running Squeak/Smalltalk on GraalVM CE (Java 1.8.0_161) ==
Reading image...
Reading header...
readHeader:	0.003s
Reading body...
readBody:	5.691s
Connecting classes...
setClasses:	0.146s
Instantiating classes...
instClasses:	0.057s
Filling in objects...
maxFillInDuration:	204.0ms
fillInObjects:	2.326s
readImage:	8.255s
